c:\users\yunam\desktop\作業中ファイル\teamd_prototype\teamd_prototype\teamd_prototype\debug\vc140.pdb
c:\users\yunam\desktop\作業中ファイル\teamd_prototype\teamd_prototype\teamd_prototype\debug\vc140.idb
c:\users\yunam\desktop\作業中ファイル\teamd_prototype\teamd_prototype\teamd_prototype\debug\basescene.obj
c:\users\yunam\desktop\作業中ファイル\teamd_prototype\teamd_prototype\teamd_prototype\debug\dust.obj
c:\users\yunam\desktop\作業中ファイル\teamd_prototype\teamd_prototype\teamd_prototype\debug\effect.obj
c:\users\yunam\desktop\作業中ファイル\teamd_prototype\teamd_prototype\teamd_prototype\debug\gamescene.obj
c:\users\yunam\desktop\作業中ファイル\teamd_prototype\teamd_prototype\teamd_prototype\debug\imagemng.obj
c:\users\yunam\desktop\作業中ファイル\teamd_prototype\teamd_prototype\teamd_prototype\debug\main.obj
c:\users\yunam\desktop\作業中ファイル\teamd_prototype\teamd_prototype\teamd_prototype\debug\scenemanager.obj
c:\users\yunam\desktop\作業中ファイル\teamd_prototype\teamd_prototype\teamd_prototype\debug\smoke.obj
c:\users\yunam\desktop\作業中ファイル\teamd_prototype\teamd_prototype\teamd_prototype\debug\camera.obj
c:\users\yunam\desktop\作業中ファイル\teamd_prototype\teamd_prototype\teamd_prototype\debug\cb_1.obj
c:\users\yunam\desktop\作業中ファイル\teamd_prototype\teamd_prototype\teamd_prototype\debug\cb_2.obj
c:\users\yunam\desktop\作業中ファイル\teamd_prototype\teamd_prototype\teamd_prototype\debug\collision.obj
c:\users\yunam\desktop\作業中ファイル\teamd_prototype\teamd_prototype\teamd_prototype\debug\crushedbox.obj
c:\users\yunam\desktop\作業中ファイル\teamd_prototype\teamd_prototype\teamd_prototype\debug\point2.obj
c:\users\yunam\desktop\作業中ファイル\teamd_prototype\teamd_prototype\teamd_prototype\debug\range2.obj
c:\users\yunam\desktop\作業中ファイル\teamd_prototype\teamd_prototype\teamd_prototype\debug\rect2.obj
c:\users\yunam\desktop\作業中ファイル\teamd_prototype\teamd_prototype\teamd_prototype\debug\vector2.obj
c:\users\yunam\desktop\作業中ファイル\teamd_prototype\teamd_prototype\teamd_prototype\debug\effectmanager.obj
c:\users\yunam\desktop\作業中ファイル\teamd_prototype\teamd_prototype\teamd_prototype\debug\player.obj
c:\users\yunam\desktop\作業中ファイル\teamd_prototype\teamd_prototype\teamd_prototype\debug\soundmanager.obj
c:\users\yunam\desktop\作業中ファイル\teamd_prototype\teamd_prototype\teamd_prototype\debug\keyinput.obj
c:\users\yunam\desktop\作業中ファイル\teamd_prototype\teamd_prototype\debug\teamd_prototype.ilk
c:\users\yunam\desktop\作業中ファイル\teamd_prototype\teamd_prototype\debug\teamd_prototype.exe
c:\users\yunam\desktop\作業中ファイル\teamd_prototype\teamd_prototype\debug\teamd_prototype.pdb
c:\users\yunam\desktop\作業中ファイル\teamd_prototype\teamd_prototype\teamd_prototype\debug\collider.obj
c:\users\yunam\desktop\作業中ファイル\teamd_prototype\teamd_prototype\teamd_prototype\debug\input.obj
c:\users\yunam\desktop\作業中ファイル\teamd_prototype\teamd_prototype\teamd_prototype\debug\point.obj
c:\users\yunam\desktop\作業中ファイル\teamd_prototype\teamd_prototype\teamd_prototype\debug\cb_1.obj.enc
c:\users\yunam\desktop\作業中ファイル\teamd_prototype\teamd_prototype\teamd_prototype\debug\teamd_prototype.tlog\cl.command.1.tlog
c:\users\yunam\desktop\作業中ファイル\teamd_prototype\teamd_prototype\teamd_prototype\debug\teamd_prototype.tlog\cl.read.1.tlog
c:\users\yunam\desktop\作業中ファイル\teamd_prototype\teamd_prototype\teamd_prototype\debug\teamd_prototype.tlog\cl.write.1.tlog
c:\users\yunam\desktop\作業中ファイル\teamd_prototype\teamd_prototype\teamd_prototype\debug\teamd_prototype.tlog\link.command.1.tlog
c:\users\yunam\desktop\作業中ファイル\teamd_prototype\teamd_prototype\teamd_prototype\debug\teamd_prototype.tlog\link.read.1.tlog
c:\users\yunam\desktop\作業中ファイル\teamd_prototype\teamd_prototype\teamd_prototype\debug\teamd_prototype.tlog\link.write.1.tlog
